
Start-Date: 2026-02-05  16:43:31
Commandline: apt-get --yes --no-install-recommends install grepcidr bsdmainutils iptables-persistent
Requested-By: aimar (1000)
Install: iptables-persistent:arm64 (1.0.23), grepcidr:arm64 (2.0-2+b1), netfilter-persistent:arm64 (1.0.23, automatic), ncal:arm64 (12.1.8+b1, automatic), bsdmainutils:arm64 (12.1.8)
Remove: ufw:arm64 (0.36.2-9)
End-Date: 2026-02-05  16:43:49

Start-Date: 2026-02-05  16:50:11
Commandline: apt-get --yes --no-install-recommends install openvpn
Requested-By: aimar (1000)
Install: openvpn:arm64 (2.6.14-1+deb13u1), libpkcs11-helper1t64:arm64 (1.30.0-1+b1, automatic)
End-Date: 2026-02-05  16:50:16

Start-Date: 2026-02-06  11:47:09
Commandline: apt install ufw
Install: ufw:arm64 (0.36.2-9)
Remove: iptables-persistent:arm64 (1.0.23), netfilter-persistent:arm64 (1.0.23)
End-Date: 2026-02-06  11:47:17

Start-Date: 2026-02-25  18:19:56
Commandline: apt install docker-ce docker-ce-cli containerd.io docker-buildx-plugin docker-compose-plugin
Install: containerd.io:arm64 (2.2.1-1~debian.13~trixie), docker-compose-plugin:arm64 (5.1.0-1~debian.13~trixie), docker-ce-cli:arm64 (5:29.2.1-1~debian.13~trixie), pigz:arm64 (2.8-1+b1, automatic), libslirp0:arm64 (4.8.0-1+b1, automatic), docker-buildx-plugin:arm64 (0.31.1-1~debian.13~trixie), docker-ce:arm64 (5:29.2.1-1~debian.13~trixie), docker-ce-rootless-extras:arm64 (5:29.2.1-1~debian.13~trixie, automatic), slirp4netns:arm64 (1.2.1-1.1, automatic)
End-Date: 2026-02-25  18:20:33

Start-Date: 2026-02-25  18:57:49
Commandline: apt remove docker-ce docker-ce-cli containerd.io docker-buildx-plugin docker-compose-plugin
Requested-By: aimar (1000)
Remove: containerd.io:arm64 (2.2.1-1~debian.13~trixie), docker-compose-plugin:arm64 (5.1.0-1~debian.13~trixie), docker-ce-cli:arm64 (5:29.2.1-1~debian.13~trixie), docker-buildx-plugin:arm64 (0.31.1-1~debian.13~trixie), docker-ce:arm64 (5:29.2.1-1~debian.13~trixie)
End-Date: 2026-02-25  18:57:58

Start-Date: 2026-02-25  18:58:17
Commandline: apt autoremove
Requested-By: aimar (1000)
Remove: libslirp0:arm64 (4.8.0-1+b1), docker-ce-rootless-extras:arm64 (5:29.2.1-1~debian.13~trixie), slirp4netns:arm64 (1.2.1-1.1)
End-Date: 2026-02-25  18:58:20

Start-Date: 2026-02-25  18:58:59
Commandline: apt install docker.io -y
Requested-By: aimar (1000)
Install: libintl-perl:arm64 (1.35-1, automatic), containerd:arm64 (1.7.24~ds1-6+deb13u1, automatic), libcompel1:arm64 (4.1.1-1, automatic), docker-cli:arm64 (26.1.5+dfsg1-9+b11, automatic), python3-pycriu:arm64 (4.1.1-1, automatic), docker.io:arm64 (26.1.5+dfsg1-9+b11), libsort-naturally-perl:arm64 (1.03-4, automatic), libnet1:arm64 (1.3+dfsg-2, automatic), docker-buildx:arm64 (0.13.1+ds1-3, automatic), libmodule-find-perl:arm64 (0.17-1, automatic), libterm-readkey-perl:arm64 (2.38-2+b4, automatic), runc:arm64 (1.1.15+ds1-2+b4, automatic), python3-protobuf:arm64 (3.21.12-11, automatic), criu:arm64 (4.1.1-1, automatic), needrestart:arm64 (3.11-1, automatic), tini:arm64 (0.19.0-3+b5, automatic), libintl-xs-perl:arm64 (1.35-1, automatic), libproc-processtable-perl:arm64 (0.636-1+b3, automatic)
End-Date: 2026-02-25  18:59:32

Start-Date: 2026-02-25  19:03:55
Commandline: apt install docker-compose-plugin
Requested-By: aimar (1000)
Install: docker-compose-plugin:arm64 (5.1.0-1~debian.13~trixie), docker-buildx-plugin:arm64 (0.31.1-1~debian.13~trixie, automatic)
Error: Sub-process /usr/bin/dpkg returned an error code (1)
End-Date: 2026-02-25  19:03:58

Start-Date: 2026-02-25  19:04:13
Commandline: apt install docker-compose
Requested-By: aimar (1000)
Install: docker-compose:arm64 (2.26.1-4)
Error: Sub-process /usr/bin/dpkg returned an error code (1)
End-Date: 2026-02-25  19:04:13

Start-Date: 2026-02-25  19:04:47
Commandline: apt remove docker.io
Requested-By: aimar (1000)
Remove: docker.io:arm64 (26.1.5+dfsg1-9+b11)
End-Date: 2026-02-25  19:04:51

Start-Date: 2026-02-25  19:05:08
Commandline: apt autoremove
Requested-By: aimar (1000)
Remove: libintl-perl:arm64 (1.35-1), containerd:arm64 (1.7.24~ds1-6+deb13u1), libcompel1:arm64 (4.1.1-1), docker-cli:arm64 (26.1.5+dfsg1-9+b11), python3-pycriu:arm64 (4.1.1-1), libsort-naturally-perl:arm64 (1.03-4), libnet1:arm64 (1.3+dfsg-2), docker-buildx:arm64 (0.13.1+ds1-3), libmodule-find-perl:arm64 (0.17-1), libterm-readkey-perl:arm64 (2.38-2+b4), runc:arm64 (1.1.15+ds1-2+b4), python3-protobuf:arm64 (3.21.12-11), criu:arm64 (4.1.1-1), needrestart:arm64 (3.11-1), tini:arm64 (0.19.0-3+b5), libintl-xs-perl:arm64 (1.35-1), libproc-processtable-perl:arm64 (0.636-1+b3)
End-Date: 2026-02-25  19:05:16

Start-Date: 2026-02-25  19:05:39
Commandline: apt install docker-ce docker-ce-cli containerd.io docker-buildx-plugin docker-compose-plugin
Requested-By: aimar (1000)
Install: containerd.io:arm64 (2.2.1-1~debian.13~trixie), docker-ce-cli:arm64 (5:29.2.1-1~debian.13~trixie), libslirp0:arm64 (4.8.0-1+b1, automatic), docker-buildx-plugin:arm64 (0.31.1-1~debian.13~trixie), docker-ce:arm64 (5:29.2.1-1~debian.13~trixie), docker-ce-rootless-extras:arm64 (5:29.2.1-1~debian.13~trixie, automatic), slirp4netns:arm64 (1.2.1-1.1, automatic)
End-Date: 2026-02-25  19:06:16

Start-Date: 2026-02-25  19:23:37
Commandline: apt remove docker-ce docker-ce-cli containerd.io docker-buildx-plugin docker-compose-plugin
Remove: containerd.io:arm64 (2.2.1-1~debian.13~trixie), docker-compose-plugin:arm64 (5.1.0-1~debian.13~trixie), docker-ce-cli:arm64 (5:29.2.1-1~debian.13~trixie), docker-buildx-plugin:arm64 (0.31.1-1~debian.13~trixie), docker-ce:arm64 (5:29.2.1-1~debian.13~trixie)
End-Date: 2026-02-25  19:23:42

Start-Date: 2026-02-25  19:24:28
Commandline: apt install docker-ce docker-ce-cli containerd.io docker-buildx-plugin docker-compose-plugin
Install: containerd.io:arm64 (2.2.1-1~debian.13~trixie), docker-compose-plugin:arm64 (5.1.0-1~debian.13~trixie), docker-ce-cli:arm64 (5:29.2.1-1~debian.13~trixie), docker-buildx-plugin:arm64 (0.31.1-1~debian.13~trixie), docker-ce:arm64 (5:29.2.1-1~debian.13~trixie)
End-Date: 2026-02-25  19:25:01
